<?xml version='1.0' encoding='UTF-8'?>
<testsuite hostname="knoldus-Lenovo-Z51-70" name="com.knoldus.CurrencyConverterSpec" tests="12" errors="0" failures="0" skipped="0" time="0.033" timestamp="2020-02-10T13:58:11">
                     <properties>
[...]
</properties>
                     <testcase classname="com.knoldus.CurrencyConverterSpec" name="Converter method should return amount if current and future currency are same" time="0.025">
                                                 
                                               </testcase><testcase classname="com.knoldus.CurrencyConverterSpec" name="Converter method should return equivalent amount if converted to Dinar" time="0.001">
                                                 
                                               </testcase><testcase classname="com.knoldus.CurrencyConverterSpec" name="Converter method should return converted amount if converted to AUD" time="0.001">
                                                 
                                               </testcase><testcase classname="com.knoldus.CurrencyConverterSpec" name="Converter method should return converted amount if converted to USD" time="0.001">
                                                 
                                               </testcase><testcase classname="com.knoldus.CurrencyConverterSpec" name="Converter method should return converted amount if converted to EURO" time="0.0">
                                                 
                                               </testcase><testcase classname="com.knoldus.CurrencyConverterSpec" name="Converter method should return converted amount if converted to POUND" time="0.001">
                                                 
                                               </testcase><testcase classname="com.knoldus.CurrencyConverterSpec" name="Converter method should return converted amount if converted to SWISS" time="0.001">
                                                 
                                               </testcase><testcase classname="com.knoldus.CurrencyConverterSpec" name="Converter method should return converted amount if converted to yen" time="0.0">
                                                 
                                               </testcase><testcase classname="com.knoldus.CurrencyConverterSpec" name="Converter method should return converted amount if converted to CAD" time="0.001">
                                                 
                                               </testcase><testcase classname="com.knoldus.CurrencyConverterSpec" name="Converter method should return converted amount if converted to YUAN" time="0.001">
                                                 
                                               </testcase><testcase classname="com.knoldus.CurrencyConverterSpec" name="Converter method should return error of negative number" time="0.001">
                                                 
                                               </testcase><testcase classname="com.knoldus.CurrencyConverterSpec" name="Converter method should return error of currency converter not available" time="0.0">
                                                 
                                               </testcase>
                     <system-out><![CDATA[]]></system-out>
                     <system-err><![CDATA[]]></system-err>
                   </testsuite>