<?xml version="1.0"?>
<!DOCTYPE coverage SYSTEM "http://cobertura.sourceforge.net/xml/coverage-04.dtd">
<coverage 
line-rate="1.00" lines-valid="84" lines-covered="84" branches-valid="6" branches-covered="6" branch-rate="1.00" complexity="0" version="1.0" timestamp="1581323307606">
    <sources>
        <source>--source</source>
        <source>/home/knoldus/knoldus-assignments/Currency-coverter/src/main/scala</source>
    </sources>
    <packages>
        <package name="com.knoldus" line-rate="1.00" branch-rate="1.00" complexity="0">
            <classes>
                <class 
                name="com.knoldus.CurrencyConverter" filename="com/knoldus/CurrencyConverter.scala" line-rate="1.00" branch-rate="1.00" complexity="0">
                    <methods>
                        <method 
                        name="com.knoldus/CurrencyConverter/converterSelector" signature="()V" line-rate="1.00" branch-rate="1.00" complexity="0">
                            <lines>
                                <line number="88" hits="1" branch="false"/>
                                <line number="83" hits="1" branch="false"/>
                                <line number="85" hits="1" branch="false"/>
                                <line number="78" hits="1" branch="false"/>
                                <line number="82" hits="1" branch="false"/>
                                <line number="80" hits="1" branch="false"/>
                                <line number="80" hits="1" branch="false"/>
                                <line number="86" hits="1" branch="false"/>
                                <line number="93" hits="1" branch="false"/>
                                <line number="86" hits="1" branch="false"/>
                                <line number="80" hits="1" branch="false"/>
                                <line number="87" hits="1" branch="false"/>
                                <line number="83" hits="1" branch="false"/>
                                <line number="88" hits="1" branch="false"/>
                                <line number="78" hits="1" branch="false"/>
                                <line number="84" hits="1" branch="false"/>
                                <line number="84" hits="1" branch="false"/>
                                <line number="88" hits="1" branch="false"/>
                                <line number="85" hits="1" branch="false"/>
                                <line number="80" hits="1" branch="false"/>
                                <line number="93" hits="1" branch="false"/>
                                <line number="82" hits="1" branch="false"/>
                                <line number="87" hits="1" branch="false"/>
                                <line number="77" hits="1" branch="false"/>
                            </lines>
</method>
                        <method 
                        name="com.knoldus/CurrencyConverter/converterSelectorExtended" signature="()V" line-rate="1.00" branch-rate="1.00" complexity="0">
                            <lines>
                                <line number="103" hits="1" branch="false"/>
                                <line number="100" hits="1" branch="false"/>
                                <line number="101" hits="1" branch="false"/>
                                <line number="102" hits="1" branch="false"/>
                                <line number="99" hits="1" branch="false"/>
                                <line number="101" hits="1" branch="false"/>
                                <line number="100" hits="1" branch="false"/>
                                <line number="102" hits="1" branch="false"/>
                                <line number="103" hits="1" branch="false"/>
                                <line number="99" hits="1" branch="false"/>
                            </lines>
</method>
                        <method 
                        name="com.knoldus/CurrencyConverter/&lt;none&gt;" signature="()V" line-rate="1.00" branch-rate="1.00" complexity="0">
                            <lines>
                                <line number="50" hits="1" branch="false"/>
                                <line number="44" hits="1" branch="false"/>
                                <line number="47" hits="1" branch="false"/>
                                <line number="49" hits="1" branch="false"/>
                                <line number="52" hits="1" branch="false"/>
                                <line number="43" hits="1" branch="false"/>
                                <line number="46" hits="1" branch="false"/>
                                <line number="45" hits="1" branch="false"/>
                                <line number="48" hits="1" branch="false"/>
                                <line number="51" hits="1" branch="false"/>
                            </lines>
</method>
                        <method 
                        name="com.knoldus/CurrencyConverter/exceptionCheck" signature="()V" line-rate="1.00" branch-rate="1.00" complexity="0">
                            <lines>
                                <line number="64" hits="1" branch="false"/>
                                <line number="57" hits="1" branch="false"/>
                                <line number="61" hits="1" branch="false"/>
                                <line number="60" hits="1" branch="false"/>
                                <line number="64" hits="1" branch="false"/>
                                <line number="60" hits="1" branch="false"/>
                                <line number="61" hits="1" branch="false"/>
                            </lines>
</method>
                    </methods>
                    <lines>
                        <line number="103" hits="1" branch="false"/>
                        <line number="100" hits="1" branch="false"/>
                        <line number="88" hits="1" branch="false"/>
                        <line number="83" hits="1" branch="false"/>
                        <line number="64" hits="1" branch="false"/>
                        <line number="50" hits="1" branch="false"/>
                        <line number="85" hits="1" branch="false"/>
                        <line number="78" hits="1" branch="false"/>
                        <line number="44" hits="1" branch="false"/>
                        <line number="57" hits="1" branch="false"/>
                        <line number="101" hits="1" branch="false"/>
                        <line number="82" hits="1" branch="false"/>
                        <line number="80" hits="1" branch="false"/>
                        <line number="80" hits="1" branch="false"/>
                        <line number="47" hits="1" branch="false"/>
                        <line number="61" hits="1" branch="false"/>
                        <line number="86" hits="1" branch="false"/>
                        <line number="60" hits="1" branch="false"/>
                        <line number="102" hits="1" branch="false"/>
                        <line number="93" hits="1" branch="false"/>
                        <line number="86" hits="1" branch="false"/>
                        <line number="80" hits="1" branch="false"/>
                        <line number="87" hits="1" branch="false"/>
                        <line number="83" hits="1" branch="false"/>
                        <line number="49" hits="1" branch="false"/>
                        <line number="64" hits="1" branch="false"/>
                        <line number="99" hits="1" branch="false"/>
                        <line number="101" hits="1" branch="false"/>
                        <line number="88" hits="1" branch="false"/>
                        <line number="78" hits="1" branch="false"/>
                        <line number="52" hits="1" branch="false"/>
                        <line number="43" hits="1" branch="false"/>
                        <line number="84" hits="1" branch="false"/>
                        <line number="46" hits="1" branch="false"/>
                        <line number="84" hits="1" branch="false"/>
                        <line number="100" hits="1" branch="false"/>
                        <line number="88" hits="1" branch="false"/>
                        <line number="85" hits="1" branch="false"/>
                        <line number="80" hits="1" branch="false"/>
                        <line number="60" hits="1" branch="false"/>
                        <line number="102" hits="1" branch="false"/>
                        <line number="93" hits="1" branch="false"/>
                        <line number="45" hits="1" branch="false"/>
                        <line number="82" hits="1" branch="false"/>
                        <line number="61" hits="1" branch="false"/>
                        <line number="103" hits="1" branch="false"/>
                        <line number="99" hits="1" branch="false"/>
                        <line number="48" hits="1" branch="false"/>
                        <line number="87" hits="1" branch="false"/>
                        <line number="51" hits="1" branch="false"/>
                        <line number="77" hits="1" branch="false"/>
                    </lines>
</class>
                <class 
                name="com.knoldus.CurrencyConverter.Converter" filename="com/knoldus/CurrencyConverter.scala" line-rate="1.00" branch-rate="1.00" complexity="0">
                    <methods>
                        <method name="com.knoldus/Converter/&lt;none&gt;" signature="()V" line-rate="1.00" branch-rate="1.00" complexity="0">
                            <lines>
                                <line number="28" hits="1" branch="false"/>
                                <line number="28" hits="1" branch="false"/>
                                <line number="27" hits="1" branch="false"/>
                                <line number="29" hits="1" branch="false"/>
                                <line number="27" hits="1" branch="false"/>
                                <line number="29" hits="1" branch="false"/>
                                <line number="28" hits="1" branch="false"/>
                                <line number="27" hits="1" branch="false"/>
                                <line number="27" hits="1" branch="false"/>
                                <line number="27" hits="1" branch="false"/>
                                <line number="27" hits="1" branch="false"/>
                                <line number="27" hits="1" branch="false"/>
                                <line number="28" hits="1" branch="false"/>
                                <line number="27" hits="1" branch="false"/>
                                <line number="28" hits="1" branch="false"/>
                                <line number="27" hits="1" branch="false"/>
                                <line number="29" hits="1" branch="false"/>
                                <line number="27" hits="1" branch="false"/>
                                <line number="27" hits="1" branch="false"/>
                                <line number="28" hits="1" branch="false"/>
                                <line number="29" hits="1" branch="false"/>
                                <line number="29" hits="1" branch="false"/>
                                <line number="28" hits="1" branch="false"/>
                                <line number="27" hits="1" branch="false"/>
                                <line number="28" hits="1" branch="false"/>
                                <line number="27" hits="1" branch="false"/>
                                <line number="27" hits="1" branch="false"/>
                                <line number="29" hits="1" branch="false"/>
                                <line number="27" hits="1" branch="false"/>
                                <line number="28" hits="1" branch="false"/>
                                <line number="27" hits="1" branch="false"/>
                            </lines>
                        </method>
                        <method name="com.knoldus/Converter/convert" signature="()V" line-rate="1.00" branch-rate="1.00" complexity="0">
                            <lines>
                                <line number="39" hits="1" branch="false"/>
                                <line number="39" hits="1" branch="false"/>
                            </lines>
                        </method>
                    </methods>
                    <lines>
                        <line number="28" hits="1" branch="false"/>
                        <line number="39" hits="1" branch="false"/>
                        <line number="28" hits="1" branch="false"/>
                        <line number="27" hits="1" branch="false"/>
                        <line number="29" hits="1" branch="false"/>
                        <line number="27" hits="1" branch="false"/>
                        <line number="29" hits="1" branch="false"/>
                        <line number="28" hits="1" branch="false"/>
                        <line number="27" hits="1" branch="false"/>
                        <line number="27" hits="1" branch="false"/>
                        <line number="27" hits="1" branch="false"/>
                        <line number="27" hits="1" branch="false"/>
                        <line number="27" hits="1" branch="false"/>
                        <line number="28" hits="1" branch="false"/>
                        <line number="27" hits="1" branch="false"/>
                        <line number="28" hits="1" branch="false"/>
                        <line number="27" hits="1" branch="false"/>
                        <line number="29" hits="1" branch="false"/>
                        <line number="27" hits="1" branch="false"/>
                        <line number="27" hits="1" branch="false"/>
                        <line number="28" hits="1" branch="false"/>
                        <line number="29" hits="1" branch="false"/>
                        <line number="29" hits="1" branch="false"/>
                        <line number="28" hits="1" branch="false"/>
                        <line number="27" hits="1" branch="false"/>
                        <line number="28" hits="1" branch="false"/>
                        <line number="27" hits="1" branch="false"/>
                        <line number="27" hits="1" branch="false"/>
                        <line number="29" hits="1" branch="false"/>
                        <line number="27" hits="1" branch="false"/>
                        <line number="28" hits="1" branch="false"/>
                        <line number="27" hits="1" branch="false"/>
                        <line number="39" hits="1" branch="false"/>
                    </lines>
</class>
            </classes>
        </package>
    </packages>
</coverage>
